C:\repos\payroll-dotnet-code\DotNetCorePayroll.App\dist\out-tsc\e2e\app.po.js
C:\repos\payroll-dotnet-code\DotNetCorePayroll.App\dist\out-tsc\e2e\app.po.js.map
C:\repos\payroll-dotnet-code\DotNetCorePayroll.App\dist\out-tsc\e2e\app.e2e-spec.js
C:\repos\payroll-dotnet-code\DotNetCorePayroll.App\dist\out-tsc\e2e\app.e2e-spec.js.map
C:\repos\payroll-dotnet-code\DotNetCorePayroll.App\dist\out-tsc\src\app\app.component.js
C:\repos\payroll-dotnet-code\DotNetCorePayroll.App\dist\out-tsc\src\app\app.component.js.map
C:\repos\payroll-dotnet-code\DotNetCorePayroll.App\dist\out-tsc\src\app\shared\material\material.module.js
C:\repos\payroll-dotnet-code\DotNetCorePayroll.App\dist\out-tsc\src\app\shared\material\material.module.js.map
C:\repos\payroll-dotnet-code\DotNetCorePayroll.App\dist\out-tsc\src\app\shared\components\panel-widget\panel-widget.component.js
C:\repos\payroll-dotnet-code\DotNetCorePayroll.App\dist\out-tsc\src\app\shared\components\panel-widget\panel-widget.component.js.map
C:\repos\payroll-dotnet-code\DotNetCorePayroll.App\dist\out-tsc\src\app\shared\generated\model\userModel.js
C:\repos\payroll-dotnet-code\DotNetCorePayroll.App\dist\out-tsc\src\app\shared\generated\model\userModel.js.map
C:\repos\payroll-dotnet-code\DotNetCorePayroll.App\dist\out-tsc\src\app\shared\generated\encoder.js
C:\repos\payroll-dotnet-code\DotNetCorePayroll.App\dist\out-tsc\src\app\shared\generated\encoder.js.map
C:\repos\payroll-dotnet-code\DotNetCorePayroll.App\dist\out-tsc\src\app\shared\generated\model\accountModel.js
C:\repos\payroll-dotnet-code\DotNetCorePayroll.App\dist\out-tsc\src\app\shared\generated\model\accountModel.js.map
C:\repos\payroll-dotnet-code\DotNetCorePayroll.App\dist\out-tsc\src\app\shared\generated\model\pageData.js
C:\repos\payroll-dotnet-code\DotNetCorePayroll.App\dist\out-tsc\src\app\shared\generated\model\pageData.js.map
C:\repos\payroll-dotnet-code\DotNetCorePayroll.App\dist\out-tsc\src\app\shared\generated\model\accountSearchFilter.js
C:\repos\payroll-dotnet-code\DotNetCorePayroll.App\dist\out-tsc\src\app\shared\generated\model\accountSearchFilter.js.map
C:\repos\payroll-dotnet-code\DotNetCorePayroll.App\dist\out-tsc\src\app\shared\generated\model\changePasswordModel.js
C:\repos\payroll-dotnet-code\DotNetCorePayroll.App\dist\out-tsc\src\app\shared\generated\model\changePasswordModel.js.map
C:\repos\payroll-dotnet-code\DotNetCorePayroll.App\dist\out-tsc\src\app\shared\generated\model\loginModel.js
C:\repos\payroll-dotnet-code\DotNetCorePayroll.App\dist\out-tsc\src\app\shared\generated\model\loginModel.js.map
C:\repos\payroll-dotnet-code\DotNetCorePayroll.App\dist\out-tsc\src\app\shared\generated\model\resetPasswordModel.js
C:\repos\payroll-dotnet-code\DotNetCorePayroll.App\dist\out-tsc\src\app\shared\generated\model\resetPasswordModel.js.map
C:\repos\payroll-dotnet-code\DotNetCorePayroll.App\dist\out-tsc\src\app\shared\generated\model\resultAccountModel.js
C:\repos\payroll-dotnet-code\DotNetCorePayroll.App\dist\out-tsc\src\app\shared\generated\model\resultAccountModel.js.map
C:\repos\payroll-dotnet-code\DotNetCorePayroll.App\dist\out-tsc\src\app\shared\generated\variables.js
C:\repos\payroll-dotnet-code\DotNetCorePayroll.App\dist\out-tsc\src\app\shared\generated\variables.js.map
C:\repos\payroll-dotnet-code\DotNetCorePayroll.App\dist\out-tsc\src\app\shared\generated\configuration.js
C:\repos\payroll-dotnet-code\DotNetCorePayroll.App\dist\out-tsc\src\app\shared\generated\configuration.js.map
C:\repos\payroll-dotnet-code\DotNetCorePayroll.App\dist\out-tsc\src\app\shared\generated\api\account.service.js
C:\repos\payroll-dotnet-code\DotNetCorePayroll.App\dist\out-tsc\src\app\shared\generated\api\account.service.js.map
C:\repos\payroll-dotnet-code\DotNetCorePayroll.App\dist\out-tsc\src\app\shared\generated\api\api.js
C:\repos\payroll-dotnet-code\DotNetCorePayroll.App\dist\out-tsc\src\app\shared\generated\api\api.js.map
C:\repos\payroll-dotnet-code\DotNetCorePayroll.App\dist\out-tsc\src\app\shared\generated\model\models.js
C:\repos\payroll-dotnet-code\DotNetCorePayroll.App\dist\out-tsc\src\app\shared\generated\model\models.js.map
C:\repos\payroll-dotnet-code\DotNetCorePayroll.App\dist\out-tsc\src\app\shared\generated\api.module.js
C:\repos\payroll-dotnet-code\DotNetCorePayroll.App\dist\out-tsc\src\app\shared\generated\api.module.js.map
C:\repos\payroll-dotnet-code\DotNetCorePayroll.App\dist\out-tsc\src\app\shared\generated\index.js
C:\repos\payroll-dotnet-code\DotNetCorePayroll.App\dist\out-tsc\src\app\shared\generated\index.js.map
C:\repos\payroll-dotnet-code\DotNetCorePayroll.App\dist\out-tsc\src\app\shared\services\authentication.service.js
C:\repos\payroll-dotnet-code\DotNetCorePayroll.App\dist\out-tsc\src\app\shared\services\authentication.service.js.map
C:\repos\payroll-dotnet-code\DotNetCorePayroll.App\dist\out-tsc\src\app\shared\services\authorization-guard.service.js
C:\repos\payroll-dotnet-code\DotNetCorePayroll.App\dist\out-tsc\src\app\shared\services\authorization-guard.service.js.map
C:\repos\payroll-dotnet-code\DotNetCorePayroll.App\dist\out-tsc\src\app\shared\models\messageType.js
C:\repos\payroll-dotnet-code\DotNetCorePayroll.App\dist\out-tsc\src\app\shared\models\messageType.js.map
C:\repos\payroll-dotnet-code\DotNetCorePayroll.App\dist\out-tsc\src\app\shared\models\responseMessage.js
C:\repos\payroll-dotnet-code\DotNetCorePayroll.App\dist\out-tsc\src\app\shared\models\responseMessage.js.map
C:\repos\payroll-dotnet-code\DotNetCorePayroll.App\dist\out-tsc\src\app\shared\services\server-validation.service.js
C:\repos\payroll-dotnet-code\DotNetCorePayroll.App\dist\out-tsc\src\app\shared\services\server-validation.service.js.map
C:\repos\payroll-dotnet-code\DotNetCorePayroll.App\dist\out-tsc\src\app\shared\interceptors\app-http-interceptor.js
C:\repos\payroll-dotnet-code\DotNetCorePayroll.App\dist\out-tsc\src\app\shared\interceptors\app-http-interceptor.js.map
C:\repos\payroll-dotnet-code\DotNetCorePayroll.App\dist\out-tsc\src\app\shared\directives\form-validator.directive.js
C:\repos\payroll-dotnet-code\DotNetCorePayroll.App\dist\out-tsc\src\app\shared\directives\form-validator.directive.js.map
C:\repos\payroll-dotnet-code\DotNetCorePayroll.App\dist\out-tsc\src\app\shared\directives\app-validation-message.directive.js
C:\repos\payroll-dotnet-code\DotNetCorePayroll.App\dist\out-tsc\src\app\shared\directives\app-validation-message.directive.js.map
C:\repos\payroll-dotnet-code\DotNetCorePayroll.App\dist\out-tsc\src\app\shared\components\app-http-server-error\server-error-dailog\server-error-dailog.component.js
C:\repos\payroll-dotnet-code\DotNetCorePayroll.App\dist\out-tsc\src\app\shared\components\app-http-server-error\server-error-dailog\server-error-dailog.component.js.map
C:\repos\payroll-dotnet-code\DotNetCorePayroll.App\dist\out-tsc\src\app\shared\components\app-http-server-error\app-http-server-error.component.js
C:\repos\payroll-dotnet-code\DotNetCorePayroll.App\dist\out-tsc\src\app\shared\components\app-http-server-error\app-http-server-error.component.js.map
C:\repos\payroll-dotnet-code\DotNetCorePayroll.App\dist\out-tsc\src\environments\environment.js
C:\repos\payroll-dotnet-code\DotNetCorePayroll.App\dist\out-tsc\src\environments\environment.js.map
C:\repos\payroll-dotnet-code\DotNetCorePayroll.App\dist\out-tsc\src\app\shared\components\summary-validation-messages\summary-validation-messages.component.js
C:\repos\payroll-dotnet-code\DotNetCorePayroll.App\dist\out-tsc\src\app\shared\components\summary-validation-messages\summary-validation-messages.component.js.map
C:\repos\payroll-dotnet-code\DotNetCorePayroll.App\dist\out-tsc\src\app\shared\shared.module.js
C:\repos\payroll-dotnet-code\DotNetCorePayroll.App\dist\out-tsc\src\app\shared\shared.module.js.map
C:\repos\payroll-dotnet-code\DotNetCorePayroll.App\dist\out-tsc\src\app\core\footer\footer.component.js
C:\repos\payroll-dotnet-code\DotNetCorePayroll.App\dist\out-tsc\src\app\core\footer\footer.component.js.map
C:\repos\payroll-dotnet-code\DotNetCorePayroll.App\dist\out-tsc\src\app\core\header\header.component.js
C:\repos\payroll-dotnet-code\DotNetCorePayroll.App\dist\out-tsc\src\app\core\header\header.component.js.map
C:\repos\payroll-dotnet-code\DotNetCorePayroll.App\dist\out-tsc\src\app\core\page-not-found\page-not-found.component.js
C:\repos\payroll-dotnet-code\DotNetCorePayroll.App\dist\out-tsc\src\app\core\page-not-found\page-not-found.component.js.map
C:\repos\payroll-dotnet-code\DotNetCorePayroll.App\dist\out-tsc\src\app\core\core.module.js
C:\repos\payroll-dotnet-code\DotNetCorePayroll.App\dist\out-tsc\src\app\core\core.module.js.map
C:\repos\payroll-dotnet-code\DotNetCorePayroll.App\dist\out-tsc\src\app\shared\validators\server-side-validator.js
C:\repos\payroll-dotnet-code\DotNetCorePayroll.App\dist\out-tsc\src\app\shared\validators\server-side-validator.js.map
C:\repos\payroll-dotnet-code\DotNetCorePayroll.App\dist\out-tsc\src\app\shared\utils\form-helper.js
C:\repos\payroll-dotnet-code\DotNetCorePayroll.App\dist\out-tsc\src\app\shared\utils\form-helper.js.map
C:\repos\payroll-dotnet-code\DotNetCorePayroll.App\dist\out-tsc\src\app\components\security\login\login.component.js
C:\repos\payroll-dotnet-code\DotNetCorePayroll.App\dist\out-tsc\src\app\components\security\login\login.component.js.map
C:\repos\payroll-dotnet-code\DotNetCorePayroll.App\dist\out-tsc\src\app\components\security\forgot-password\forgot-password.component.js
C:\repos\payroll-dotnet-code\DotNetCorePayroll.App\dist\out-tsc\src\app\components\security\forgot-password\forgot-password.component.js.map
C:\repos\payroll-dotnet-code\DotNetCorePayroll.App\dist\out-tsc\src\app\components\security\security-routing.module.js
C:\repos\payroll-dotnet-code\DotNetCorePayroll.App\dist\out-tsc\src\app\components\security\security-routing.module.js.map
C:\repos\payroll-dotnet-code\DotNetCorePayroll.App\dist\out-tsc\src\app\components\security\security.module.js
C:\repos\payroll-dotnet-code\DotNetCorePayroll.App\dist\out-tsc\src\app\components\security\security.module.js.map
C:\repos\payroll-dotnet-code\DotNetCorePayroll.App\dist\out-tsc\src\app\components\home\home.component.js
C:\repos\payroll-dotnet-code\DotNetCorePayroll.App\dist\out-tsc\src\app\components\home\home.component.js.map
C:\repos\payroll-dotnet-code\DotNetCorePayroll.App\dist\out-tsc\src\app\components\components-routing.module.js
C:\repos\payroll-dotnet-code\DotNetCorePayroll.App\dist\out-tsc\src\app\components\components-routing.module.js.map
C:\repos\payroll-dotnet-code\DotNetCorePayroll.App\dist\out-tsc\src\app\components\admin\roles\roles-details\roles-details.component.js
C:\repos\payroll-dotnet-code\DotNetCorePayroll.App\dist\out-tsc\src\app\components\admin\roles\roles-details\roles-details.component.js.map
C:\repos\payroll-dotnet-code\DotNetCorePayroll.App\dist\out-tsc\src\app\components\admin\roles\roles-form\roles-form.component.js
C:\repos\payroll-dotnet-code\DotNetCorePayroll.App\dist\out-tsc\src\app\components\admin\roles\roles-form\roles-form.component.js.map
C:\repos\payroll-dotnet-code\DotNetCorePayroll.App\dist\out-tsc\src\app\components\admin\admin-routing.module.js
C:\repos\payroll-dotnet-code\DotNetCorePayroll.App\dist\out-tsc\src\app\components\admin\admin-routing.module.js.map
C:\repos\payroll-dotnet-code\DotNetCorePayroll.App\dist\out-tsc\src\app\components\admin\admin.module.js
C:\repos\payroll-dotnet-code\DotNetCorePayroll.App\dist\out-tsc\src\app\components\admin\admin.module.js.map
C:\repos\payroll-dotnet-code\DotNetCorePayroll.App\dist\out-tsc\src\app\components\components.module.js
C:\repos\payroll-dotnet-code\DotNetCorePayroll.App\dist\out-tsc\src\app\components\components.module.js.map
C:\repos\payroll-dotnet-code\DotNetCorePayroll.App\dist\out-tsc\src\app\app-routing.module.js
C:\repos\payroll-dotnet-code\DotNetCorePayroll.App\dist\out-tsc\src\app\app-routing.module.js.map
C:\repos\payroll-dotnet-code\DotNetCorePayroll.App\dist\out-tsc\src\app\app.module.js
C:\repos\payroll-dotnet-code\DotNetCorePayroll.App\dist\out-tsc\src\app\app.module.js.map
C:\repos\payroll-dotnet-code\DotNetCorePayroll.App\dist\out-tsc\src\main.js
C:\repos\payroll-dotnet-code\DotNetCorePayroll.App\dist\out-tsc\src\main.js.map
C:\repos\payroll-dotnet-code\DotNetCorePayroll.App\dist\out-tsc\src\polyfills.js
C:\repos\payroll-dotnet-code\DotNetCorePayroll.App\dist\out-tsc\src\polyfills.js.map
C:\repos\payroll-dotnet-code\DotNetCorePayroll.App\dist\out-tsc\src\test.js
C:\repos\payroll-dotnet-code\DotNetCorePayroll.App\dist\out-tsc\src\test.js.map
C:\repos\payroll-dotnet-code\DotNetCorePayroll.App\dist\out-tsc\src\environments\environment.prod.js
C:\repos\payroll-dotnet-code\DotNetCorePayroll.App\dist\out-tsc\src\environments\environment.prod.js.map
C:\repos\payroll-dotnet-code\DotNetCorePayroll.App\dist\out-tsc\src\app\shared\utils\app-error-state-matcher.js
C:\repos\payroll-dotnet-code\DotNetCorePayroll.App\dist\out-tsc\src\app\shared\utils\app-error-state-matcher.js.map
